<?xml version="1.0" encoding="UTF-8"?>
<!-- Generated by org.testng.reporters.JUnitReportReporter -->
<testsuite skipped="0" hostname="DINESH-PC" name="crmTest.Trial" tests="2" failures="0" timestamp="2022-11-02T08:11:30 IST" time="118.611" errors="0">
  <testcase name="newDeal" time="80.480" classname="crmTest.Trial"/>
  <system-out/>
  <testcase name="createContact" time="38.131" classname="crmTest.Trial"/>
  <system-out/>
</testsuite> <!-- crmTest.Trial -->
