<?xml version="1.0" encoding="UTF-8"?>
<!-- Generated by org.testng.reporters.JUnitReportReporter -->
<testsuite skipped="0" hostname="DINESH-PC" name="crmTest.CreateContactTest" tests="3" failures="0" timestamp="2022-11-11T18:29:35 IST" time="126.934" errors="0">
  <testcase name="validateCreateContactTest" time="42.146" classname="crmTest.CreateContactTest"/>
  <system-out/>
  <testcase name="validateCreateContactTest" time="44.783" classname="crmTest.CreateContactTest"/>
  <system-out/>
  <testcase name="validateCreateContactTest" time="40.005" classname="crmTest.CreateContactTest"/>
  <system-out/>
</testsuite> <!-- crmTest.CreateContactTest -->
