<?xml version="1.0" encoding="UTF-8"?>
<!-- Generated by org.testng.reporters.JUnitReportReporter -->
<testsuite skipped="0" hostname="DINESH-PC" name="crmTest.CreateContact" tests="1" failures="0" timestamp="2022-11-03T19:50:12 IST" time="163.056" errors="0">
  <testcase name="validateLoginTest" time="163.056" classname="crmTest.CreateContact"/>
  <system-out/>
</testsuite> <!-- crmTest.CreateContact -->
