<?xml version="1.0" encoding="UTF-8"?>
<!-- Generated by org.testng.reporters.JUnitReportReporter -->
<testsuite skipped="0" hostname="DINESH-PC" name="crmTest.HomePageTest" tests="3" failures="0" timestamp="2022-11-11T18:29:35 IST" time="76.870" errors="0">
  <testcase name="validatecompanyLinkRedirection" time="31.157" classname="crmTest.HomePageTest"/>
  <system-out/>
  <testcase name="validatedealLinkRedirection" time="23.392" classname="crmTest.HomePageTest"/>
  <system-out/>
  <testcase name="validateContactLinkRedirection" time="22.321" classname="crmTest.HomePageTest"/>
  <system-out/>
</testsuite> <!-- crmTest.HomePageTest -->
