<?xml version="1.0" encoding="UTF-8"?>
<!-- Generated by org.testng.reporters.JUnitReportReporter -->
<testsuite skipped="0" hostname="DINESH-PC" name="crmTest.LoginPageTest" tests="3" failures="0" timestamp="2022-11-11T18:29:35 IST" time="133.188" errors="0">
  <testcase name="validateTitlePage" time="20.452" classname="crmTest.LoginPageTest"/>
  <system-out/>
  <testcase name="validateLogoTest" time="78.956" classname="crmTest.LoginPageTest"/>
  <system-out/>
  <testcase name="loginPage" time="33.780" classname="crmTest.LoginPageTest"/>
  <system-out/>
</testsuite> <!-- crmTest.LoginPageTest -->
